info it worked if it ends with ok
verbose cli [ '/home/y/libexec/node',
verbose cli   '/home/y/share/node/npm/bin/npm-cli.js',
verbose cli   'install',
verbose cli   'phantomjs',
verbose cli   '--save' ]
info using npm@1.1.21-1
info using node@v0.8.2
verbose config file /homes/zordius/.npmrc
verbose config file /homes/zordius/.npmrc_g
verbose config file /home/y/share/node/npm/npmrc
verbose caching /home/zordius/https-scan/package.json
verbose loadDefaults https-scan@0.0.1
verbose from cache /home/zordius/https-scan/package.json
verbose readDependencies: using package.json deps
verbose cache add [ 'phantomjs', null ]
silly cache add: name, spec, args [ undefined, 'phantomjs', [ 'phantomjs', null ] ]
verbose parsed url { pathname: 'phantomjs', path: 'phantomjs', href: 'phantomjs' }
verbose addNamed [ 'phantomjs', '' ]
verbose addNamed [ null, '' ]
silly name, range, hasData [ 'phantomjs', '', false ]
verbose raw, before any munging phantomjs
verbose url resolving [ 'http://ynpm-registry.corp.yahoo.com:4080/', './phantomjs' ]
verbose url resolved http://ynpm-registry.corp.yahoo.com:4080/phantomjs
http GET http://ynpm-registry.corp.yahoo.com:4080/phantomjs
http 404 http://ynpm-registry.corp.yahoo.com:4080/phantomjs
silly get cb [ 404,
silly get cb   { date: 'Thu, 13 Mar 2014 10:28:34 GMT',
silly get cb     'windjammer-hostname': 'pprd1-node6-lh3.manhattan.corp.gq1.yahoo.com',
silly get cb     'windjammer-internal': 'no',
silly get cb     'windjammer-external': 'no',
silly get cb     'set-cookie': [ 'B=aeefog59i322i&b=3&s=br; expires=Thu, 13-Mar-2016 10:28:34 GMT; path=/; domain=.yahoo.com' ],
silly get cb     'content-type': 'text/plain',
silly get cb     'x-frame-options': 'SAMEORIGIN',
silly get cb     'x-content-type-options': 'NOSNIFF',
silly get cb     'x-xss-protection': '1; mode=block',
silly get cb     server: 'YTS/1.20.13',
silly get cb     age: '0',
silly get cb     'transfer-encoding': 'chunked',
silly get cb     connection: 'keep-alive' } ]
ERR! 404 'phantomjs' is not in the npm registry.
ERR! 404 You should bug the author to publish it
ERR! 404 Note that you can also install from a
ERR! 404 tarball, folder, or http url, or git url.
ERR! 
ERR! System Linux 2.6.18-128.2.1.el5
ERR! command "/home/y/libexec/node" "/home/y/share/node/npm/bin/npm-cli.js" "install" "phantomjs" "--save"
ERR! cwd /home/zordius/https-scan
ERR! node -v v0.8.2
ERR! npm -v 1.1.21-1
ERR! code E404
ERR! message 404 Not Found: phantomjs
ERR! errno {}
verbose exit [ 1, true ]
